2019-03-04 13:12:32 TRACE App2:13 - This is TRACE message2
2019-03-04 13:12:32 DEBUG App2:14 - This is DEBUG message2
2019-03-04 13:12:32 INFO  App2:15 - This is INFO message2
2019-03-04 13:12:32 WARN  App2:16 - This is WARN message2
2019-03-04 13:12:32 ERROR App2:17 - This is ERROR message2
2019-03-04 13:12:32 FATAL App2:18 - This is FATAL message2
2019-03-04 13:13:04 TRACE App2:13 - This is TRACE message2
2019-03-04 13:13:04 DEBUG App2:14 - This is DEBUG message2
2019-03-04 13:13:04 INFO  App2:15 - This is INFO message2
2019-03-04 13:13:04 WARN  App2:16 - This is WARN message2
2019-03-04 13:13:04 ERROR App2:17 - This is ERROR message2
2019-03-04 13:13:06 FATAL App2:18 - This is FATAL message2
2019-03-04 13:13:27 TRACE App2:13 - This is TRACE message2
2019-03-04 13:13:27 DEBUG App2:14 - This is DEBUG message2
2019-03-04 13:13:27 INFO  App2:15 - This is INFO message2
2019-03-04 13:13:27 WARN  App2:16 - This is WARN message2
2019-03-04 13:13:27 ERROR App2:17 - This is ERROR message2
2019-03-04 13:13:29 FATAL App2:18 - This is FATAL message2
2019-03-04 13:14:09 TRACE App2:13 - This is TRACE message2
2019-03-04 13:14:09 DEBUG App2:14 - This is DEBUG message2
2019-03-04 13:14:09 INFO  App2:15 - This is INFO message2
2019-03-04 13:14:09 WARN  App2:16 - This is WARN message2
2019-03-04 13:14:09 ERROR App2:17 - This is ERROR message2
2019-03-04 13:14:11 FATAL App2:18 - This is FATAL message2
2019-03-04 13:14:25 TRACE App2:13 - This is TRACE message2
2019-03-04 13:14:25 DEBUG App2:14 - This is DEBUG message2
2019-03-04 13:14:25 INFO  App2:15 - This is INFO message2
2019-03-04 13:14:25 WARN  App2:16 - This is WARN message2
2019-03-04 13:14:25 ERROR App2:17 - This is ERROR message2
2019-03-04 13:14:27 FATAL App2:18 - This is FATAL message2
